Initializing document watcher...
emp-app/app/Http/Resources/EmpReviewChecklistResource.php: {"insertSpaces":true,"tabSize":4}
emp-app/app/Models/EmpReviewChecklist.php: {"insertSpaces":true,"tabSize":4}
emp-app/app/Models/EmpReviewChecklistMainCategory.php: {"insertSpaces":true,"tabSize":4}
emp-app/app/Models/EmpReviewChecklistMainCategory.php: {"insertSpaces":true,"tabSize":4}
emp-app/app/Models/EmpReviewChecklist.php: {"insertSpaces":true,"tabSize":4}
emp-app/app/Models/EmpReviewChecklistMainCategory.php: {"insertSpaces":true,"tabSize":4}
emp-app/app/Models/EmpReviewChecklist.php: {"insertSpaces":true,"tabSize":4}
emp-app/app/Models/EmpReviewChecklistMainCategory.php: {"insertSpaces":true,"tabSize":4}
emp-app/app/Models/EmpReviewChecklistMainCategory.php: {"insertSpaces":true,"tabSize":4}
emp-app/app/Models/EmpReviewChecklistMainCategory.php: Using EditorConfig core...
app/Models/EmpReviewChecklistMainCategory.php: editor.action.trimTrailingWhitespace
emp-app/app/Models/EmpReviewChecklist.php: {"insertSpaces":true,"tabSize":4}
emp-app/app/Http/Controllers/EmpReviewChecklistsController.php: {"insertSpaces":true,"tabSize":4}
emp-app/app/Http/Controllers/EmpReviewChecklistsController.php: Using EditorConfig core...
app/Http/Controllers/EmpReviewChecklistsController.php: editor.action.trimTrailingWhitespace
emp-app/app/Http/Controllers/EmpReviewChecklistsController.php: {"insertSpaces":true,"tabSize":4}
emp-app/app/Models/Task.php: {"insertSpaces":true,"tabSize":4}
emp-app/app/Http/Controllers/TaskController.php: {"insertSpaces":true,"tabSize":4}
emp-app/app/Http/Controllers/EmpReviewChecklistsController.php: {"insertSpaces":true,"tabSize":4}
emp-app/app/Http/Controllers/EmpReviewChecklistsController.php: Using EditorConfig core...
app/Http/Controllers/EmpReviewChecklistsController.php: editor.action.trimTrailingWhitespace
emp-app/app/Http/Controllers/EmpReviewChecklistsController.php: {"insertSpaces":true,"tabSize":4}
emp-app/app/Models/EmpReviewChecklistMainCategory.php: {"insertSpaces":true,"tabSize":4}
emp-app/app/Models/EmpReviewChecklist.php: {"insertSpaces":true,"tabSize":4}
emp-app/app/Models/EmpReviewChecklistMainCategory.php: {"insertSpaces":true,"tabSize":4}
emp-app/app/Models/EmpReviewChecklistMainCategory.php: {"insertSpaces":true,"tabSize":4}
emp-app/app/Models/ReviewType.php: {"insertSpaces":true,"tabSize":4}
emp-app/app/Models/TaskReviewModel.php: {"insertSpaces":true,"tabSize":4}
emp-app/app/Models/Task.php: {"insertSpaces":true,"tabSize":4}
emp-app/app/Http/Controllers/TaskController.php: {"insertSpaces":true,"tabSize":4}
emp-app/app/Models/TaskVersionModel.php: {"insertSpaces":true,"tabSize":4}
emp-app/app/Models/Task.php: {"insertSpaces":true,"tabSize":4}
emp-app/app/Models/EmpReviewChecklist.php: {"insertSpaces":true,"tabSize":4}
emp-app/app/Models/EmpReviewChecklistMainCategory.php: {"insertSpaces":true,"tabSize":4}
emp-app/app/Models/EmpReviewChecklistMainCategory.php: Using EditorConfig core...
app/Models/EmpReviewChecklistMainCategory.php: editor.action.trimTrailingWhitespace
emp-app/app/Models/EmpReviewChecklistMainCategory.php: {"insertSpaces":true,"tabSize":4}
emp-app/app/Http/Controllers/EmpReviewChecklistsController.php: {"insertSpaces":true,"tabSize":4}
emp-app/app/Models/ReviewType.php: {"insertSpaces":true,"tabSize":4}
emp-app/app/Models/EmpReviewChecklist.php: {"insertSpaces":true,"tabSize":4}
emp-app/app/Models/EmpReviewChecklistMainCategory.php: {"insertSpaces":true,"tabSize":4}
emp-app/app/Models/EmpReviewChecklistMainCategory.php: Using EditorConfig core...
app/Models/EmpReviewChecklistMainCategory.php: editor.action.trimTrailingWhitespace
emp-app/app/Models/EmpReviewChecklistMainCategory.php: {"insertSpaces":true,"tabSize":4}
emp-app/app/Models/EmpReviewChecklistMainCategory.php: Using EditorConfig core...
app/Models/EmpReviewChecklistMainCategory.php: editor.action.trimTrailingWhitespace
emp-app/app/Models/EmpReviewChecklistMainCategory.php: {"insertSpaces":true,"tabSize":4}
emp-app/app/Models/EmpReviewChecklist.php: {"insertSpaces":true,"tabSize":4}
emp-app/app/Http/Controllers/EmpReviewChecklistsController.php: {"insertSpaces":true,"tabSize":4}
emp-app/app/Http/Resources/EmpReviewChecklistResource.php: {"insertSpaces":true,"tabSize":4}
emp-app/app/Http/Resources/EmpReviewChecklistResource.php: Using EditorConfig core...
app/Http/Resources/EmpReviewChecklistResource.php: editor.action.trimTrailingWhitespace
emp-app/app/Http/Resources/EmpReviewChecklistResource.php: {"insertSpaces":true,"tabSize":4}
emp-app/app/Http/Resources/TaskListResource.php: {"insertSpaces":true,"tabSize":4}
emp-app/app/Http/Resources/EmpReviewChecklistResource.php: {"insertSpaces":true,"tabSize":4}
emp-app/app/Http/Resources/EmpReviewChecklistResource.php: Using EditorConfig core...
app/Http/Resources/EmpReviewChecklistResource.php: editor.action.trimTrailingWhitespace
emp-app/app/Http/Resources/EmpReviewChecklistResource.php: {"insertSpaces":true,"tabSize":4}
emp-app/app/Http/Controllers/EmpReviewChecklistsController.php: {"insertSpaces":true,"tabSize":4}
emp-app/app/Http/Controllers/EmpReviewChecklistsController.php: Using EditorConfig core...
app/Http/Controllers/EmpReviewChecklistsController.php: editor.action.trimTrailingWhitespace
emp-app/app/Http/Controllers/EmpReviewChecklistsController.php: Using EditorConfig core...
app/Http/Controllers/EmpReviewChecklistsController.php: editor.action.trimTrailingWhitespace
emp-app/app/Http/Controllers/EmpReviewChecklistsController.php: Using EditorConfig core...
app/Http/Controllers/EmpReviewChecklistsController.php: editor.action.trimTrailingWhitespace
emp-app/app/Http/Controllers/EmpReviewChecklistsController.php: Using EditorConfig core...
app/Http/Controllers/EmpReviewChecklistsController.php: editor.action.trimTrailingWhitespace
emp-app/app/Http/Controllers/EmpReviewChecklistsController.php: Using EditorConfig core...
app/Http/Controllers/EmpReviewChecklistsController.php: editor.action.trimTrailingWhitespace
emp-app/app/Http/Controllers/EmpReviewChecklistsController.php: {"insertSpaces":true,"tabSize":4}
emp-app/app/Models/EmpReviewChecklistMainCategory.php: {"insertSpaces":true,"tabSize":4}
emp-app/app/Http/Resources/EmpReviewChecklistResource.php: {"insertSpaces":true,"tabSize":4}
emp-app/app/Http/Resources/EmpReviewChecklistResource.php: {"insertSpaces":true,"tabSize":4}
emp-app/app/Http/Resources/EmpReviewChecklistResource.php: {"insertSpaces":true,"tabSize":4}
emp-app/app/Http/Controllers/EmpReviewChecklistsController.php: {"insertSpaces":true,"tabSize":4}
emp-app/app/Http/Controllers/EmpReviewChecklistsController.php: Using EditorConfig core...
app/Http/Controllers/EmpReviewChecklistsController.php: editor.action.trimTrailingWhitespace
emp-app/app/Http/Controllers/EmpReviewChecklistsController.php: {"insertSpaces":true,"tabSize":4}
emp-app/app/Http/Controllers/EmpReviewChecklistsController.php: Using EditorConfig core...
app/Http/Controllers/EmpReviewChecklistsController.php: editor.action.trimTrailingWhitespace
emp-app/app/Http/Resources/EmpReviewChecklistResource.php: {"insertSpaces":true,"tabSize":4}
emp-app/app/Http/Controllers/EmpReviewChecklistsController.php: {"insertSpaces":true,"tabSize":4}
emp-app/app/Http/Resources/EmpReviewChecklistResource.php: {"insertSpaces":true,"tabSize":4}
emp-app/app/Http/Controllers/EmpReviewChecklistsController.php: {"insertSpaces":true,"tabSize":4}
emp-app/app/Http/Controllers/EmpReviewChecklistsController.php: {"insertSpaces":true,"tabSize":4}
emp-app/app/Http/Resources/EmpReviewChecklistResource.php: {"insertSpaces":true,"tabSize":4}
emp-app/app/Http/Resources/EmpReviewChecklistResource.php: Using EditorConfig core...
app/Http/Resources/EmpReviewChecklistResource.php: editor.action.trimTrailingWhitespace
emp-app/app/Http/Resources/EmpReviewChecklistResource.php: {"insertSpaces":true,"tabSize":4}
emp-app/app/Http/Resources/EmpReviewChecklistResource.php: {"insertSpaces":true,"tabSize":4}
