Initializing document watcher...
emp-app/routes/api.php: {"insertSpaces":true,"tabSize":4}
emp-app/routes/api.php: {"insertSpaces":true,"tabSize":4}
emp-app/routes/api.php: {"insertSpaces":true,"tabSize":4}
emp-app/routes/api.php: {"insertSpaces":true,"tabSize":4}
emp-app/routes/api.php: {"insertSpaces":true,"tabSize":4}
emp-app/app/Http/Controllers/EmpReviewChecklistsController.php: {"insertSpaces":true,"tabSize":4}
emp-app/app/Models/EmpReviewChecklist.php: {"insertSpaces":true,"tabSize":4}
emp-app/app/Models/EmpReviewChecklist.php: {"insertSpaces":true,"tabSize":4}
emp-app/routes/api.php: {"insertSpaces":true,"tabSize":4}
emp-app/routes/api.php: {"insertSpaces":true,"tabSize":4}
emp-app/routes/api.php: {"insertSpaces":true,"tabSize":4}
emp-app/routes/api.php: {"insertSpaces":true,"tabSize":4}
emp-app/app/Models/EmpReviewChecklist.php: {"insertSpaces":true,"tabSize":4}
emp-app/app/Models/EmpReviewChecklist.php: Using EditorConfig core...
app/Models/EmpReviewChecklist.php: editor.action.trimTrailingWhitespace
emp-app/app/Http/Controllers/EmpReviewChecklistsController.php: {"insertSpaces":true,"tabSize":4}
emp-app/app/Http/Controllers/EmpReviewChecklistsController.php: {"insertSpaces":true,"tabSize":4}
emp-app/app/Models/EmpReviewChecklist.php: {"insertSpaces":true,"tabSize":4}
emp-app/app/Models/EmpReviewChecklist.php: Using EditorConfig core...
app/Models/EmpReviewChecklist.php: editor.action.trimTrailingWhitespace
emp-app/app/Models/EmpReviewChecklist.php: Using EditorConfig core...
app/Models/EmpReviewChecklist.php: editor.action.trimTrailingWhitespace
emp-app/app/Models/EmpReviewChecklist.php: Using EditorConfig core...
app/Models/EmpReviewChecklist.php: editor.action.trimTrailingWhitespace
emp-app/app/Models/EmpReviewChecklist.php: {"insertSpaces":true,"tabSize":4}
emp-app/app/Models/EmpReviewChecklist.php: {"insertSpaces":true,"tabSize":4}
emp-app/app/Models/EmpReviewChecklist.php: {"insertSpaces":true,"tabSize":4}
