Initializing document watcher...
emp-app/app/Http/Controllers/EmpReviewChecklistsController.php: {"insertSpaces":true,"tabSize":4}
emp-app/app/Http/Controllers/EmpReviewChecklistsController.php: {"insertSpaces":true,"tabSize":4}
emp-app/app/Http/Controllers/EmpReviewChecklistsController.php: Using EditorConfig core...
app/Http/Controllers/EmpReviewChecklistsController.php: editor.action.trimTrailingWhitespace
emp-app/app/Http/Controllers/EmpReviewChecklistsController.php: {"insertSpaces":true,"tabSize":4}
emp-app/app/Models/EmpReviewChecklist.php: {"insertSpaces":true,"tabSize":4}
emp-app/app/Http/Controllers/EmpReviewChecklistsController.php: {"insertSpaces":true,"tabSize":4}
emp-app/app/Http/Controllers/EmpReviewChecklistsController.php: {"insertSpaces":true,"tabSize":4}
emp-app/app/Models/EmpReviewChecklist.php: {"insertSpaces":true,"tabSize":4}
emp-app/app/Models/EmpReviewChecklist.php: {"insertSpaces":true,"tabSize":4}
emp-app/app/Models/EmpReviewChecklist.php: {"insertSpaces":true,"tabSize":4}
emp-app/app/Models/EmpReviewChecklist.php: {"insertSpaces":true,"tabSize":4}
emp-app/resources/lang/en/validation.php: {"insertSpaces":true,"tabSize":4}
emp-app/resources/lang/en/auth.php: {"insertSpaces":true,"tabSize":4}
emp-app/resources/lang/en/pagination.php: {"insertSpaces":true,"tabSize":4}
emp-app/resources/lang/en/passwords.php: {"insertSpaces":true,"tabSize":4}
emp-app/resources/lang/en/validation.php: {"insertSpaces":true,"tabSize":4}
emp-app/resources/lang/en/validation.php: {"insertSpaces":true,"tabSize":4}
emp-app/app/Models/EmpReviewChecklist.php: {"insertSpaces":true,"tabSize":4}
emp-app/app/Models/EmpReviewChecklist.php: Using EditorConfig core...
app/Models/EmpReviewChecklist.php: editor.action.trimTrailingWhitespace
emp-app/app/Models/EmpReviewChecklist.php: Using EditorConfig core...
app/Models/EmpReviewChecklist.php: editor.action.trimTrailingWhitespace
emp-app/app/Models/EmpReviewChecklist.php: Using EditorConfig core...
app/Models/EmpReviewChecklist.php: editor.action.trimTrailingWhitespace
emp-app/app/Models/EmpReviewChecklist.php: Using EditorConfig core...
app/Models/EmpReviewChecklist.php: editor.action.trimTrailingWhitespace
emp-app/app/Models/EmpReviewChecklist.php: Using EditorConfig core...
app/Models/EmpReviewChecklist.php: editor.action.trimTrailingWhitespace
emp-app/app/Models/EmpReviewChecklist.php: Using EditorConfig core...
app/Models/EmpReviewChecklist.php: editor.action.trimTrailingWhitespace
emp-app/app/Models/EmpReviewChecklist.php: Using EditorConfig core...
app/Models/EmpReviewChecklist.php: editor.action.trimTrailingWhitespace
emp-app/app/Http/Controllers/EmpReviewChecklistsController.php: {"insertSpaces":true,"tabSize":4}
emp-app/app/Http/Resources/EmpReviewChecklistResource.php: {"insertSpaces":true,"tabSize":4}
emp-app/app/Http/Controllers/EmpReviewChecklistsController.php: {"insertSpaces":true,"tabSize":4}
emp-app/app/Http/Controllers/EmpReviewChecklistsController.php: Using EditorConfig core...
app/Http/Controllers/EmpReviewChecklistsController.php: editor.action.trimTrailingWhitespace
emp-app/app/Http/Controllers/EmpReviewChecklistsController.php: Using EditorConfig core...
app/Http/Controllers/EmpReviewChecklistsController.php: editor.action.trimTrailingWhitespace
